<component name="libraryTable">
  <library name="junit-4.7-src">
    <CLASSES>
      <root url="jar://$PROJECT_DIR$/demo/src/main/webapp/WEB-INF/libs/junit-4.7.jar!/" />
      <root url="jar://$PROJECT_DIR$/demo/src/main/webapp/WEB-INF/libs/junit-4.8.2.jar!/" />
      <root url="jar://$PROJECT_DIR$/demo/src/main/webapp/WEB-INF/libs/junit-4.11.jar!/" />
    </CLASSES>
    <JAVADOC>
      <root url="jar://$PROJECT_DIR$/demo/src/main/webapp/WEB-INF/libs/junit-4.11-javadoc.jar!/" />
    </JAVADOC>
    <SOURCES>
      <root url="jar://$PROJECT_DIR$/demo/src/main/webapp/WEB-INF/libs/junit-4.7-src.jar!/" />
      <root url="jar://$PROJECT_DIR$/demo/src/main/webapp/WEB-INF/libs/junit-4.11-sources.jar!/" />
    </SOURCES>
  </library>
</component>